[ 2016-06-02T16:43:39+08:00 ] 58.248.192.207 /index.php/Index/advicePage
INFO: [ route_check ] --START--
INFO: CheckRoute Behavior ::run [ RunTime:0.017077s ]
INFO: [ route_check ] --END-- [ RunTime:0.058126s ]
INFO: [ app_begin ] --START--
INFO: ReadHtmlCache Behavior ::run [ RunTime:0.003124s ]
INFO: [ app_begin ] --END-- [ RunTime:0.003212s ]
NOTIC: [8] Use of undefined constant advice - assumed 'advice' C:\WWW\web_project\Lib\Action\IndexAction.class.php 第 19 行.
INFO: [ view_parse ] --START--
INFO: ParseTemplate Behavior ::run [ RunTime:0.409292s ]
INFO: [ view_parse ] --END-- [ RunTime:0.409368s ]
INFO: [ view_filter ] --START--
INFO: ContentReplace Behavior ::run [ RunTime:0.001484s ]
INFO: TokenBuild Behavior ::run [ RunTime:0.007522s ]
INFO: WriteHtmlCache Behavior ::run [ RunTime:0.130241s ]
INFO: ShowRuntime Behavior ::run [ RunTime:0.002875s ]
INFO: [ view_filter ] --END-- [ RunTime:0.142281s ]
INFO: [ view_end ] --START--
INFO: ShowPageTrace Behavior ::run [ RunTime:0.001862s ]
INFO: [ view_end ] --END-- [ RunTime:0.001917s ]

[ 2016-06-02T16:46:36+08:00 ] 58.248.192.207 /
INFO: [ app_begin ] --START--
INFO: ReadHtmlCache Behavior ::run [ RunTime:0.000499s ]
INFO: [ app_begin ] --END-- [ RunTime:0.000585s ]
INFO: [ view_parse ] --START--
INFO: ParseTemplate Behavior ::run [ RunTime:0.008461s ]
INFO: [ view_parse ] --END-- [ RunTime:0.008530s ]
INFO: [ view_filter ] --START--
INFO: ContentReplace Behavior ::run [ RunTime:0.000378s ]
INFO: TokenBuild Behavior ::run [ RunTime:0.000372s ]
INFO: WriteHtmlCache Behavior ::run [ RunTime:0.000260s ]
INFO: ShowRuntime Behavior ::run [ RunTime:0.000390s ]
INFO: [ view_filter ] --END-- [ RunTime:0.001559s ]
INFO: [ view_end ] --START--
INFO: ShowPageTrace Behavior ::run [ RunTime:0.000482s ]
INFO: [ view_end ] --END-- [ RunTime:0.000551s ]

[ 2016-06-02T16:46:57+08:00 ] 58.248.192.207 /index.php/Index/advicePage
INFO: [ route_check ] --START--
INFO: CheckRoute Behavior ::run [ RunTime:0.000665s ]
INFO: [ route_check ] --END-- [ RunTime:0.000744s ]
INFO: [ app_begin ] --START--
INFO: ReadHtmlCache Behavior ::run [ RunTime:0.000428s ]
INFO: [ app_begin ] --END-- [ RunTime:0.000488s ]
NOTIC: [8] Use of undefined constant advice - assumed 'advice' C:\WWW\web_project\Lib\Action\IndexAction.class.php 第 19 行.
INFO: [ view_parse ] --START--
INFO: ParseTemplate Behavior ::run [ RunTime:0.005337s ]
INFO: [ view_parse ] --END-- [ RunTime:0.005405s ]
INFO: [ view_filter ] --START--
INFO: ContentReplace Behavior ::run [ RunTime:0.000341s ]
INFO: TokenBuild Behavior ::run [ RunTime:0.000336s ]
INFO: WriteHtmlCache Behavior ::run [ RunTime:0.000272s ]
INFO: ShowRuntime Behavior ::run [ RunTime:0.000383s ]
INFO: [ view_filter ] --END-- [ RunTime:0.001484s ]
INFO: [ view_end ] --START--
INFO: ShowPageTrace Behavior ::run [ RunTime:0.000483s ]
INFO: [ view_end ] --END-- [ RunTime:0.000536s ]

